#-----------------------------------------------------------
# Vivado v2020.2 (64-bit)
# SW Build 3064766 on Wed Nov 18 09:12:45 MST 2020
# IP Build 3064653 on Wed Nov 18 14:17:31 MST 2020
# Start of session at: Mon Jul 14 10:45:45 2025
# Process ID: 3820
# Current directory: D:/multi_cycle_cpu
# Command line: vivado.exe -gui_launcher_event rodinguilauncherevent8704 D:\multi_cycle_cpu\multi_cycle_cpu.xpr
# Log file: D:/multi_cycle_cpu/vivado.log
# Journal file: D:/multi_cycle_cpu\vivado.jou
#-----------------------------------------------------------
start_gui
open_project D:/multi_cycle_cpu/multi_cycle_cpu.xpr
CRITICAL WARNING: [Project 1-19] Could not find the file 'C:/Users/Administrator/Downloads/testbench_behav.wcfg'.
Scanning sources...
Finished scanning sources
INFO: [IP_Flow 19-234] Refreshing IP repositories
INFO: [IP_Flow 19-1704] No user IP repositories specified
INFO: [IP_Flow 19-2313] Loaded Vivado IP repository 'C:/Xilinx/Vivado/2020.2/data/ip'.
open_project: Time (s): cpu = 00:00:14 ; elapsed = 00:00:07 . Memory (MB): peak = 1117.188 ; gain = 0.000
update_compile_order -fileset sources_1
generate_target Simulation [get_files D:/multi_cycle_cpu/multi_cycle_cpu.srcs/sources_1/ip/inst_rom/inst_rom.xci]
INFO: [IP_Flow 19-1686] Generating 'Simulation' target for IP 'inst_rom'...
export_ip_user_files -of_objects [get_files D:/multi_cycle_cpu/multi_cycle_cpu.srcs/sources_1/ip/inst_rom/inst_rom.xci] -no_script -sync -force -quiet
export_simulation -of_objects [get_files D:/multi_cycle_cpu/multi_cycle_cpu.srcs/sources_1/ip/inst_rom/inst_rom.xci] -directory D:/multi_cycle_cpu/multi_cycle_cpu.ip_user_files/sim_scripts -ip_user_files_dir D:/multi_cycle_cpu/multi_cycle_cpu.ip_user_files -ipstatic_source_dir D:/multi_cycle_cpu/multi_cycle_cpu.ip_user_files/ipstatic -lib_map_path [list {modelsim=D:/multi_cycle_cpu/multi_cycle_cpu.cache/compile_simlib/modelsim} {questa=D:/multi_cycle_cpu/multi_cycle_cpu.cache/compile_simlib/questa} {riviera=D:/multi_cycle_cpu/multi_cycle_cpu.cache/compile_simlib/riviera} {activehdl=D:/multi_cycle_cpu/multi_cycle_cpu.cache/compile_simlib/activehdl}] -use_ip_compiled_libs -force -quiet
launch_simulation
Command: launch_simulation 
INFO: [Vivado 12-5698] Checking validity of IPs in the design for the 'XSim' simulator...
INFO: [Vivado 12-5682] Launching behavioral simulation in 'D:/multi_cycle_cpu/multi_cycle_cpu.sim/sim_1/behav/xsim'
INFO: [Vivado 12-4795] Using compiled simulation libraries for IPs
INFO: [SIM-utils-51] Simulation object is 'sim_1'
INFO: [USF-XSim-7] Finding pre-compiled libraries...
INFO: [USF-XSim-11] File 'C:/Xilinx/Vivado/2020.2/data/xsim/xsim.ini' copied to run dir:'D:/multi_cycle_cpu/multi_cycle_cpu.sim/sim_1/behav/xsim'
INFO: [SIM-utils-54] Inspecting design source files for 'testbench' in fileset 'sim_1'...
INFO: [SIM-utils-43] Exported 'D:/multi_cycle_cpu/multi_cycle_cpu.sim/sim_1/behav/xsim/inst_rom.mif'
INFO: [SIM-utils-43] Exported 'D:/multi_cycle_cpu/multi_cycle_cpu.sim/sim_1/behav/xsim/inst_multicycle.coe'
INFO: [USF-XSim-97] Finding global include files...
INFO: [USF-XSim-98] Fetching design files from 'sim_1'...
INFO: [USF-XSim-2] XSim::Compile design
INFO: [USF-XSim-61] Executing 'COMPILE and ANALYZE' step in 'D:/multi_cycle_cpu/multi_cycle_cpu.sim/sim_1/behav/xsim'
"xvlog --incr --relax -prj testbench_vlog.prj"
INFO: [VRFC 10-2263] Analyzing Verilog file "D:/multi_cycle_cpu/multi_cycle_cpu.srcs/sources_1/ip/data_ram/sim/data_ram.v" into library xil_defaultlib
INFO: [VRFC 10-311] analyzing module data_ram
INFO: [VRFC 10-2263] Analyzing Verilog file "D:/multi_cycle_cpu/multi_cycle_cpu.srcs/sources_1/ip/inst_rom/sim/inst_rom.v" into library xil_defaultlib
INFO: [VRFC 10-311] analyzing module inst_rom
INFO: [VRFC 10-2263] Analyzing Verilog file "D:/multi_cycle_cpu/multi_cycle_cpu.srcs/sources_1/new/adder.v" into library xil_defaultlib
INFO: [VRFC 10-311] analyzing module adder
INFO: [VRFC 10-2263] Analyzing Verilog file "D:/multi_cycle_cpu/multi_cycle_cpu.srcs/sources_1/new/alu.v" into library xil_defaultlib
INFO: [VRFC 10-311] analyzing module alu
INFO: [VRFC 10-2263] Analyzing Verilog file "D:/multi_cycle_cpu/multi_cycle_cpu.srcs/sources_1/new/decode.v" into library xil_defaultlib
INFO: [VRFC 10-311] analyzing module decode
INFO: [VRFC 10-2263] Analyzing Verilog file "D:/multi_cycle_cpu/multi_cycle_cpu.srcs/sources_1/new/exe.v" into library xil_defaultlib
INFO: [VRFC 10-311] analyzing module exe
INFO: [VRFC 10-2263] Analyzing Verilog file "D:/multi_cycle_cpu/multi_cycle_cpu.srcs/sources_1/new/fetch.v" into library xil_defaultlib
INFO: [VRFC 10-311] analyzing module fetch
INFO: [VRFC 10-2263] Analyzing Verilog file "D:/multi_cycle_cpu/multi_cycle_cpu.srcs/sources_1/new/mem.v" into library xil_defaultlib
INFO: [VRFC 10-311] analyzing module mem
INFO: [VRFC 10-2263] Analyzing Verilog file "D:/multi_cycle_cpu/multi_cycle_cpu.srcs/sources_1/new/multi_cycle_cpu.v" into library xil_defaultlib
INFO: [VRFC 10-311] analyzing module multi_cycle_cpu
INFO: [VRFC 10-2263] Analyzing Verilog file "D:/multi_cycle_cpu/multi_cycle_cpu.srcs/sources_1/new/regfile.v" into library xil_defaultlib
INFO: [VRFC 10-311] analyzing module regfile
INFO: [VRFC 10-2263] Analyzing Verilog file "D:/multi_cycle_cpu/multi_cycle_cpu.srcs/sources_1/new/wb.v" into library xil_defaultlib
INFO: [VRFC 10-311] analyzing module wb
INFO: [VRFC 10-2263] Analyzing Verilog file "D:/multi_cycle_cpu/multi_cycle_cpu.srcs/sim_1/new/testbench.v" into library xil_defaultlib
INFO: [VRFC 10-311] analyzing module testbench
INFO: [USF-XSim-69] 'compile' step finished in '1' seconds
INFO: [USF-XSim-3] XSim::Elaborate design
INFO: [USF-XSim-61] Executing 'ELABORATE' step in 'D:/multi_cycle_cpu/multi_cycle_cpu.sim/sim_1/behav/xsim'
"xelab -wto 3871944aa8ea4cf088930efe74c74cca --incr --debug typical --relax --mt 2 -L xil_defaultlib -L blk_mem_gen_v8_4_4 -L unisims_ver -L unimacro_ver -L secureip -L xpm --snapshot testbench_behav xil_defaultlib.testbench xil_defaultlib.glbl -log elaborate.log"
Vivado Simulator 2020.2
Copyright 1986-1999, 2001-2020 Xilinx, Inc. All Rights Reserved.
Running: C:/Xilinx/Vivado/2020.2/bin/unwrapped/win64.o/xelab.exe -wto 3871944aa8ea4cf088930efe74c74cca --incr --debug typical --relax --mt 2 -L xil_defaultlib -L blk_mem_gen_v8_4_4 -L unisims_ver -L unimacro_ver -L secureip -L xpm --snapshot testbench_behav xil_defaultlib.testbench xil_defaultlib.glbl -log elaborate.log 
Using 2 slave threads.
Starting static elaboration
Pass Through NonSizing Optimizer
Completed static elaboration
Starting simulation data flow analysis
Completed simulation data flow analysis
Time Resolution for simulation is 1ps
Compiling module xil_defaultlib.fetch
Compiling module xil_defaultlib.decode
Compiling module xil_defaultlib.adder
Compiling module xil_defaultlib.alu
Compiling module xil_defaultlib.exe
Compiling module xil_defaultlib.mem
Compiling module xil_defaultlib.wb
Compiling module blk_mem_gen_v8_4_4.blk_mem_gen_v8_4_4_output_stage(...
Compiling module blk_mem_gen_v8_4_4.blk_mem_gen_v8_4_4_output_stage(...
Compiling module blk_mem_gen_v8_4_4.blk_mem_gen_v8_4_4_softecc_outpu...
Compiling module blk_mem_gen_v8_4_4.blk_mem_gen_v8_4_4_mem_module(C_...
Compiling module blk_mem_gen_v8_4_4.blk_mem_gen_v8_4_4(C_FAMILY="art...
Compiling module xil_defaultlib.inst_rom
Compiling module xil_defaultlib.regfile
Compiling module blk_mem_gen_v8_4_4.blk_mem_gen_v8_4_4_mem_module(C_...
Compiling module blk_mem_gen_v8_4_4.blk_mem_axi_regs_fwd_v8_4(C_DATA...
Compiling module blk_mem_gen_v8_4_4.blk_mem_gen_v8_4_4(C_FAMILY="art...
Compiling module xil_defaultlib.data_ram
Compiling module xil_defaultlib.multi_cycle_cpu
Compiling module xil_defaultlib.testbench
Compiling module xil_defaultlib.glbl
Built simulation snapshot testbench_behav
run_program: Time (s): cpu = 00:00:01 ; elapsed = 00:00:06 . Memory (MB): peak = 1117.188 ; gain = 0.000
INFO: [USF-XSim-69] 'elaborate' step finished in '7' seconds
INFO: [USF-XSim-4] XSim::Simulate design
WARNING: [USF-XSim-17] WCFG file does not exist:C:/Users/Administrator/Downloads/testbench_behav.wcfg
WARNING: [USF-XSim-17] WCFG file does not exist:C:/Users/Administrator/Downloads/testbench_behav.wcfg
INFO: [USF-XSim-61] Executing 'SIMULATE' step in 'D:/multi_cycle_cpu/multi_cycle_cpu.sim/sim_1/behav/xsim'
INFO: [USF-XSim-98] *** Running xsim
   with args "testbench_behav -key {Behavioral:sim_1:Functional:testbench} -tclbatch {testbench.tcl} -log {simulate.log}"
INFO: [USF-XSim-8] Loading simulator feature
Vivado Simulator 2020.2
Time resolution is 1 ps
source testbench.tcl
# set curr_wave [current_wave_config]
# if { [string length $curr_wave] == 0 } {
#   if { [llength [get_objects]] > 0} {
#     add_wave /
#     set_property needs_save false [current_wave_config]
#   } else {
#      send_msg_id Add_Wave-1 WARNING "No top level signals found. Simulator will start without a wave window. If you want to open a wave window go to 'File->New Waveform Configuration' or type 'create_wave_config' in the TCL console."
#   }
# }
# run 2700ns
 Block Memory Generator module loading initial data...
 Block Memory Generator data initialization complete.
Block Memory Generator module testbench.uut.inst_rom_module.inst.\native_mem_module.blk_mem_gen_v8_4_4_inst  is using a behavioral model for simulation which will not precisely model memory collision behavior.
Block Memory Generator module testbench.uut.data_ram_module.inst.\native_mem_module.blk_mem_gen_v8_4_4_inst  is using a behavioral model for simulation which will not precisely model memory collision behavior.
INFO: [USF-XSim-96] XSim completed. Design snapshot 'testbench_behav' loaded.
INFO: [USF-XSim-97] XSim simulation ran for 2700ns
launch_simulation: Time (s): cpu = 00:00:11 ; elapsed = 00:00:13 . Memory (MB): peak = 1117.188 ; gain = 0.000
close_sim
INFO: [Simtcl 6-16] Simulation closed
exit
INFO: [Common 17-206] Exiting Vivado at Mon Jul 14 10:48:09 2025...
